[2020-03-03 21:36:55] local.ERROR: PDOException: SQLSTATE[HY000]: General error: 1824 Failed to open the referenced table 'truck_drivers' in C:\Users\Uns\Desktop\Testes\TruckPad\backend\vendor\illuminate\database\Connection.php:463
Stack trace:
#0 C:\Users\Uns\Desktop\Testes\TruckPad\backend\vendor\illuminate\database\Connection.php(463): PDOStatement->execute()
#1 C:\Users\Uns\Desktop\Testes\TruckPad\backend\vendor\illuminate\database\Connection.php(662): Illuminate\Database\Connection->Illuminate\Database\{closure}()
#2 C:\Users\Uns\Desktop\Testes\TruckPad\backend\vendor\illuminate\database\Connection.php(629): Illuminate\Database\Connection->runQueryCallback()
#3 C:\Users\Uns\Desktop\Testes\TruckPad\backend\vendor\illuminate\database\Connection.php(464): Illuminate\Database\Connection->run()
#4 C:\Users\Uns\Desktop\Testes\TruckPad\backend\vendor\illuminate\database\Schema\Blueprint.php(97): Illuminate\Database\Connection->statement()
#5 C:\Users\Uns\Desktop\Testes\TruckPad\backend\vendor\illuminate\database\Schema\Builder.php(290): Illuminate\Database\Schema\Blueprint->build()
#6 C:\Users\Uns\Desktop\Testes\TruckPad\backend\vendor\illuminate\database\Schema\Builder.php(167): Illuminate\Database\Schema\Builder->build()
#7 C:\Users\Uns\Desktop\Testes\TruckPad\backend\vendor\illuminate\support\Facades\Facade.php(261): Illuminate\Database\Schema\Builder->create()
#8 C:\Users\Uns\Desktop\Testes\TruckPad\backend\database\migrations\2020_03_03_154345_create_table_tracks.php(25): Illuminate\Support\Facades\Facade::__callStatic()
#9 C:\Users\Uns\Desktop\Testes\TruckPad\backend\vendor\illuminate\database\Migrations\Migrator.php(392): CreateTableTracks->up()
#10 C:\Users\Uns\Desktop\Testes\TruckPad\backend\vendor\illuminate\database\Migrations\Migrator.php(401): Illuminate\Database\Migrations\Migrator->Illuminate\Database\Migrations\{closure}()
#11 C:\Users\Uns\Desktop\Testes\TruckPad\backend\vendor\illuminate\database\Migrations\Migrator.php(200): Illuminate\Database\Migrations\Migrator->runMigration()
#12 C:\Users\Uns\Desktop\Testes\TruckPad\backend\vendor\illuminate\database\Migrations\Migrator.php(165): Illuminate\Database\Migrations\Migrator->runUp()
#13 C:\Users\Uns\Desktop\Testes\TruckPad\backend\vendor\illuminate\database\Migrations\Migrator.php(110): Illuminate\Database\Migrations\Migrator->runPending()
#14 C:\Users\Uns\Desktop\Testes\TruckPad\backend\vendor\illuminate\database\Console\Migrations\MigrateCommand.php(71): Illuminate\Database\Migrations\Migrator->run()
#15 [internal function]: Illuminate\Database\Console\Migrations\MigrateCommand->handle()
#16 C:\Users\Uns\Desktop\Testes\TruckPad\backend\vendor\illuminate\container\BoundMethod.php(32): call_user_func_array()
#17 C:\Users\Uns\Desktop\Testes\TruckPad\backend\vendor\illuminate\container\Util.php(36): Illuminate\Container\BoundMethod::Illuminate\Container\{closure}()
#18 C:\Users\Uns\Desktop\Testes\TruckPad\backend\vendor\illuminate\container\BoundMethod.php(90): Illuminate\Container\Util::unwrapIfClosure()
#19 C:\Users\Uns\Desktop\Testes\TruckPad\backend\vendor\illuminate\container\BoundMethod.php(34): Illuminate\Container\BoundMethod::callBoundMethod()
#20 C:\Users\Uns\Desktop\Testes\TruckPad\backend\vendor\illuminate\container\Container.php(590): Illuminate\Container\BoundMethod::call()
#21 C:\Users\Uns\Desktop\Testes\TruckPad\backend\vendor\illuminate\console\Command.php(134): Illuminate\Container\Container->call()
#22 C:\Users\Uns\Desktop\Testes\TruckPad\backend\vendor\symfony\console\Command\Command.php(255): Illuminate\Console\Command->execute()
#23 C:\Users\Uns\Desktop\Testes\TruckPad\backend\vendor\illuminate\console\Command.php(121): Symfony\Component\Console\Command\Command->run()
#24 C:\Users\Uns\Desktop\Testes\TruckPad\backend\vendor\symfony\console\Application.php(1012): Illuminate\Console\Command->run()
#25 C:\Users\Uns\Desktop\Testes\TruckPad\backend\vendor\symfony\console\Application.php(272): Symfony\Component\Console\Application->doRunCommand()
#26 C:\Users\Uns\Desktop\Testes\TruckPad\backend\vendor\symfony\console\Application.php(148): Symfony\Component\Console\Application->doRun()
#27 C:\Users\Uns\Desktop\Testes\TruckPad\backend\vendor\illuminate\console\Application.php(93): Symfony\Component\Console\Application->run()
#28 C:\Users\Uns\Desktop\Testes\TruckPad\backend\vendor\laravel\lumen-framework\src\Console\Kernel.php(115): Illuminate\Console\Application->run()
#29 C:\Users\Uns\Desktop\Testes\TruckPad\backend\artisan(35): Laravel\Lumen\Console\Kernel->handle()
#30 {main}

Next Illuminate\Database\QueryException: SQLSTATE[HY000]: General error: 1824 Failed to open the referenced table 'truck_drivers' (SQL: alter table `tracks` add constraint `tracks_truck_drivers_id_foreign` foreign key (`truck_drivers_id`) references `truck_drivers` (`id`) on delete set null) in C:\Users\Uns\Desktop\Testes\TruckPad\backend\vendor\illuminate\database\Connection.php:669
Stack trace:
#0 C:\Users\Uns\Desktop\Testes\TruckPad\backend\vendor\illuminate\database\Connection.php(629): Illuminate\Database\Connection->runQueryCallback()
#1 C:\Users\Uns\Desktop\Testes\TruckPad\backend\vendor\illuminate\database\Connection.php(464): Illuminate\Database\Connection->run()
#2 C:\Users\Uns\Desktop\Testes\TruckPad\backend\vendor\illuminate\database\Schema\Blueprint.php(97): Illuminate\Database\Connection->statement()
#3 C:\Users\Uns\Desktop\Testes\TruckPad\backend\vendor\illuminate\database\Schema\Builder.php(290): Illuminate\Database\Schema\Blueprint->build()
#4 C:\Users\Uns\Desktop\Testes\TruckPad\backend\vendor\illuminate\database\Schema\Builder.php(167): Illuminate\Database\Schema\Builder->build()
#5 C:\Users\Uns\Desktop\Testes\TruckPad\backend\vendor\illuminate\support\Facades\Facade.php(261): Illuminate\Database\Schema\Builder->create()
#6 C:\Users\Uns\Desktop\Testes\TruckPad\backend\database\migrations\2020_03_03_154345_create_table_tracks.php(25): Illuminate\Support\Facades\Facade::__callStatic()
#7 C:\Users\Uns\Desktop\Testes\TruckPad\backend\vendor\illuminate\database\Migrations\Migrator.php(392): CreateTableTracks->up()
#8 C:\Users\Uns\Desktop\Testes\TruckPad\backend\vendor\illuminate\database\Migrations\Migrator.php(401): Illuminate\Database\Migrations\Migrator->Illuminate\Database\Migrations\{closure}()
#9 C:\Users\Uns\Desktop\Testes\TruckPad\backend\vendor\illuminate\database\Migrations\Migrator.php(200): Illuminate\Database\Migrations\Migrator->runMigration()
#10 C:\Users\Uns\Desktop\Testes\TruckPad\backend\vendor\illuminate\database\Migrations\Migrator.php(165): Illuminate\Database\Migrations\Migrator->runUp()
#11 C:\Users\Uns\Desktop\Testes\TruckPad\backend\vendor\illuminate\database\Migrations\Migrator.php(110): Illuminate\Database\Migrations\Migrator->runPending()
#12 C:\Users\Uns\Desktop\Testes\TruckPad\backend\vendor\illuminate\database\Console\Migrations\MigrateCommand.php(71): Illuminate\Database\Migrations\Migrator->run()
#13 [internal function]: Illuminate\Database\Console\Migrations\MigrateCommand->handle()
#14 C:\Users\Uns\Desktop\Testes\TruckPad\backend\vendor\illuminate\container\BoundMethod.php(32): call_user_func_array()
#15 C:\Users\Uns\Desktop\Testes\TruckPad\backend\vendor\illuminate\container\Util.php(36): Illuminate\Container\BoundMethod::Illuminate\Container\{closure}()
#16 C:\Users\Uns\Desktop\Testes\TruckPad\backend\vendor\illuminate\container\BoundMethod.php(90): Illuminate\Container\Util::unwrapIfClosure()
#17 C:\Users\Uns\Desktop\Testes\TruckPad\backend\vendor\illuminate\container\BoundMethod.php(34): Illuminate\Container\BoundMethod::callBoundMethod()
#18 C:\Users\Uns\Desktop\Testes\TruckPad\backend\vendor\illuminate\container\Container.php(590): Illuminate\Container\BoundMethod::call()
#19 C:\Users\Uns\Desktop\Testes\TruckPad\backend\vendor\illuminate\console\Command.php(134): Illuminate\Container\Container->call()
#20 C:\Users\Uns\Desktop\Testes\TruckPad\backend\vendor\symfony\console\Command\Command.php(255): Illuminate\Console\Command->execute()
#21 C:\Users\Uns\Desktop\Testes\TruckPad\backend\vendor\illuminate\console\Command.php(121): Symfony\Component\Console\Command\Command->run()
#22 C:\Users\Uns\Desktop\Testes\TruckPad\backend\vendor\symfony\console\Application.php(1012): Illuminate\Console\Command->run()
#23 C:\Users\Uns\Desktop\Testes\TruckPad\backend\vendor\symfony\console\Application.php(272): Symfony\Component\Console\Application->doRunCommand()
#24 C:\Users\Uns\Desktop\Testes\TruckPad\backend\vendor\symfony\console\Application.php(148): Symfony\Component\Console\Application->doRun()
#25 C:\Users\Uns\Desktop\Testes\TruckPad\backend\vendor\illuminate\console\Application.php(93): Symfony\Component\Console\Application->run()
#26 C:\Users\Uns\Desktop\Testes\TruckPad\backend\vendor\laravel\lumen-framework\src\Console\Kernel.php(115): Illuminate\Console\Application->run()
#27 C:\Users\Uns\Desktop\Testes\TruckPad\backend\artisan(35): Laravel\Lumen\Console\Kernel->handle()
#28 {main} {"exception":"[object] (Illuminate\\Database\\QueryException(code: HY000): SQLSTATE[HY000]: General error: 1824 Failed to open the referenced table 'truck_drivers' (SQL: alter table `tracks` add constraint `tracks_truck_drivers_id_foreign` foreign key (`truck_drivers_id`) references `truck_drivers` (`id`) on delete set null) at C:\\Users\\Uns\\Desktop\\Testes\\TruckPad\\backend\\vendor\\illuminate\\database\\Connection.php:669)
[stacktrace]
#0 C:\\Users\\Uns\\Desktop\\Testes\\TruckPad\\backend\\vendor\\illuminate\\database\\Connection.php(629): Illuminate\\Database\\Connection->runQueryCallback()
#1 C:\\Users\\Uns\\Desktop\\Testes\\TruckPad\\backend\\vendor\\illuminate\\database\\Connection.php(464): Illuminate\\Database\\Connection->run()
#2 C:\\Users\\Uns\\Desktop\\Testes\\TruckPad\\backend\\vendor\\illuminate\\database\\Schema\\Blueprint.php(97): Illuminate\\Database\\Connection->statement()
#3 C:\\Users\\Uns\\Desktop\\Testes\\TruckPad\\backend\\vendor\\illuminate\\database\\Schema\\Builder.php(290): Illuminate\\Database\\Schema\\Blueprint->build()
#4 C:\\Users\\Uns\\Desktop\\Testes\\TruckPad\\backend\\vendor\\illuminate\\database\\Schema\\Builder.php(167): Illuminate\\Database\\Schema\\Builder->build()
#5 C:\\Users\\Uns\\Desktop\\Testes\\TruckPad\\backend\\vendor\\illuminate\\support\\Facades\\Facade.php(261): Illuminate\\Database\\Schema\\Builder->create()
#6 C:\\Users\\Uns\\Desktop\\Testes\\TruckPad\\backend\\database\\migrations\\2020_03_03_154345_create_table_tracks.php(25): Illuminate\\Support\\Facades\\Facade::__callStatic()
#7 C:\\Users\\Uns\\Desktop\\Testes\\TruckPad\\backend\\vendor\\illuminate\\database\\Migrations\\Migrator.php(392): CreateTableTracks->up()
#8 C:\\Users\\Uns\\Desktop\\Testes\\TruckPad\\backend\\vendor\\illuminate\\database\\Migrations\\Migrator.php(401): Illuminate\\Database\\Migrations\\Migrator->Illuminate\\Database\\Migrations\\{closure}()
#9 C:\\Users\\Uns\\Desktop\\Testes\\TruckPad\\backend\\vendor\\illuminate\\database\\Migrations\\Migrator.php(200): Illuminate\\Database\\Migrations\\Migrator->runMigration()
#10 C:\\Users\\Uns\\Desktop\\Testes\\TruckPad\\backend\\vendor\\illuminate\\database\\Migrations\\Migrator.php(165): Illuminate\\Database\\Migrations\\Migrator->runUp()
#11 C:\\Users\\Uns\\Desktop\\Testes\\TruckPad\\backend\\vendor\\illuminate\\database\\Migrations\\Migrator.php(110): Illuminate\\Database\\Migrations\\Migrator->runPending()
#12 C:\\Users\\Uns\\Desktop\\Testes\\TruckPad\\backend\\vendor\\illuminate\\database\\Console\\Migrations\\MigrateCommand.php(71): Illuminate\\Database\\Migrations\\Migrator->run()
#13 [internal function]: Illuminate\\Database\\Console\\Migrations\\MigrateCommand->handle()
#14 C:\\Users\\Uns\\Desktop\\Testes\\TruckPad\\backend\\vendor\\illuminate\\container\\BoundMethod.php(32): call_user_func_array()
#15 C:\\Users\\Uns\\Desktop\\Testes\\TruckPad\\backend\\vendor\\illuminate\\container\\Util.php(36): Illuminate\\Container\\BoundMethod::Illuminate\\Container\\{closure}()
#16 C:\\Users\\Uns\\Desktop\\Testes\\TruckPad\\backend\\vendor\\illuminate\\container\\BoundMethod.php(90): Illuminate\\Container\\Util::unwrapIfClosure()
#17 C:\\Users\\Uns\\Desktop\\Testes\\TruckPad\\backend\\vendor\\illuminate\\container\\BoundMethod.php(34): Illuminate\\Container\\BoundMethod::callBoundMethod()
#18 C:\\Users\\Uns\\Desktop\\Testes\\TruckPad\\backend\\vendor\\illuminate\\container\\Container.php(590): Illuminate\\Container\\BoundMethod::call()
#19 C:\\Users\\Uns\\Desktop\\Testes\\TruckPad\\backend\\vendor\\illuminate\\console\\Command.php(134): Illuminate\\Container\\Container->call()
#20 C:\\Users\\Uns\\Desktop\\Testes\\TruckPad\\backend\\vendor\\symfony\\console\\Command\\Command.php(255): Illuminate\\Console\\Command->execute()
#21 C:\\Users\\Uns\\Desktop\\Testes\\TruckPad\\backend\\vendor\\illuminate\\console\\Command.php(121): Symfony\\Component\\Console\\Command\\Command->run()
#22 C:\\Users\\Uns\\Desktop\\Testes\\TruckPad\\backend\\vendor\\symfony\\console\\Application.php(1012): Illuminate\\Console\\Command->run()
#23 C:\\Users\\Uns\\Desktop\\Testes\\TruckPad\\backend\\vendor\\symfony\\console\\Application.php(272): Symfony\\Component\\Console\\Application->doRunCommand()
#24 C:\\Users\\Uns\\Desktop\\Testes\\TruckPad\\backend\\vendor\\symfony\\console\\Application.php(148): Symfony\\Component\\Console\\Application->doRun()
#25 C:\\Users\\Uns\\Desktop\\Testes\\TruckPad\\backend\\vendor\\illuminate\\console\\Application.php(93): Symfony\\Component\\Console\\Application->run()
#26 C:\\Users\\Uns\\Desktop\\Testes\\TruckPad\\backend\\vendor\\laravel\\lumen-framework\\src\\Console\\Kernel.php(115): Illuminate\\Console\\Application->run()
#27 C:\\Users\\Uns\\Desktop\\Testes\\TruckPad\\backend\\artisan(35): Laravel\\Lumen\\Console\\Kernel->handle()
#28 {main}

[previous exception] [object] (PDOException(code: HY000): SQLSTATE[HY000]: General error: 1824 Failed to open the referenced table 'truck_drivers' at C:\\Users\\Uns\\Desktop\\Testes\\TruckPad\\backend\\vendor\\illuminate\\database\\Connection.php:463)
[stacktrace]
#0 C:\\Users\\Uns\\Desktop\\Testes\\TruckPad\\backend\\vendor\\illuminate\\database\\Connection.php(463): PDOStatement->execute()
#1 C:\\Users\\Uns\\Desktop\\Testes\\TruckPad\\backend\\vendor\\illuminate\\database\\Connection.php(662): Illuminate\\Database\\Connection->Illuminate\\Database\\{closure}()
#2 C:\\Users\\Uns\\Desktop\\Testes\\TruckPad\\backend\\vendor\\illuminate\\database\\Connection.php(629): Illuminate\\Database\\Connection->runQueryCallback()
#3 C:\\Users\\Uns\\Desktop\\Testes\\TruckPad\\backend\\vendor\\illuminate\\database\\Connection.php(464): Illuminate\\Database\\Connection->run()
#4 C:\\Users\\Uns\\Desktop\\Testes\\TruckPad\\backend\\vendor\\illuminate\\database\\Schema\\Blueprint.php(97): Illuminate\\Database\\Connection->statement()
#5 C:\\Users\\Uns\\Desktop\\Testes\\TruckPad\\backend\\vendor\\illuminate\\database\\Schema\\Builder.php(290): Illuminate\\Database\\Schema\\Blueprint->build()
#6 C:\\Users\\Uns\\Desktop\\Testes\\TruckPad\\backend\\vendor\\illuminate\\database\\Schema\\Builder.php(167): Illuminate\\Database\\Schema\\Builder->build()
#7 C:\\Users\\Uns\\Desktop\\Testes\\TruckPad\\backend\\vendor\\illuminate\\support\\Facades\\Facade.php(261): Illuminate\\Database\\Schema\\Builder->create()
#8 C:\\Users\\Uns\\Desktop\\Testes\\TruckPad\\backend\\database\\migrations\\2020_03_03_154345_create_table_tracks.php(25): Illuminate\\Support\\Facades\\Facade::__callStatic()
#9 C:\\Users\\Uns\\Desktop\\Testes\\TruckPad\\backend\\vendor\\illuminate\\database\\Migrations\\Migrator.php(392): CreateTableTracks->up()
#10 C:\\Users\\Uns\\Desktop\\Testes\\TruckPad\\backend\\vendor\\illuminate\\database\\Migrations\\Migrator.php(401): Illuminate\\Database\\Migrations\\Migrator->Illuminate\\Database\\Migrations\\{closure}()
#11 C:\\Users\\Uns\\Desktop\\Testes\\TruckPad\\backend\\vendor\\illuminate\\database\\Migrations\\Migrator.php(200): Illuminate\\Database\\Migrations\\Migrator->runMigration()
#12 C:\\Users\\Uns\\Desktop\\Testes\\TruckPad\\backend\\vendor\\illuminate\\database\\Migrations\\Migrator.php(165): Illuminate\\Database\\Migrations\\Migrator->runUp()
#13 C:\\Users\\Uns\\Desktop\\Testes\\TruckPad\\backend\\vendor\\illuminate\\database\\Migrations\\Migrator.php(110): Illuminate\\Database\\Migrations\\Migrator->runPending()
#14 C:\\Users\\Uns\\Desktop\\Testes\\TruckPad\\backend\\vendor\\illuminate\\database\\Console\\Migrations\\MigrateCommand.php(71): Illuminate\\Database\\Migrations\\Migrator->run()
#15 [internal function]: Illuminate\\Database\\Console\\Migrations\\MigrateCommand->handle()
#16 C:\\Users\\Uns\\Desktop\\Testes\\TruckPad\\backend\\vendor\\illuminate\\container\\BoundMethod.php(32): call_user_func_array()
#17 C:\\Users\\Uns\\Desktop\\Testes\\TruckPad\\backend\\vendor\\illuminate\\container\\Util.php(36): Illuminate\\Container\\BoundMethod::Illuminate\\Container\\{closure}()
#18 C:\\Users\\Uns\\Desktop\\Testes\\TruckPad\\backend\\vendor\\illuminate\\container\\BoundMethod.php(90): Illuminate\\Container\\Util::unwrapIfClosure()
#19 C:\\Users\\Uns\\Desktop\\Testes\\TruckPad\\backend\\vendor\\illuminate\\container\\BoundMethod.php(34): Illuminate\\Container\\BoundMethod::callBoundMethod()
#20 C:\\Users\\Uns\\Desktop\\Testes\\TruckPad\\backend\\vendor\\illuminate\\container\\Container.php(590): Illuminate\\Container\\BoundMethod::call()
#21 C:\\Users\\Uns\\Desktop\\Testes\\TruckPad\\backend\\vendor\\illuminate\\console\\Command.php(134): Illuminate\\Container\\Container->call()
#22 C:\\Users\\Uns\\Desktop\\Testes\\TruckPad\\backend\\vendor\\symfony\\console\\Command\\Command.php(255): Illuminate\\Console\\Command->execute()
#23 C:\\Users\\Uns\\Desktop\\Testes\\TruckPad\\backend\\vendor\\illuminate\\console\\Command.php(121): Symfony\\Component\\Console\\Command\\Command->run()
#24 C:\\Users\\Uns\\Desktop\\Testes\\TruckPad\\backend\\vendor\\symfony\\console\\Application.php(1012): Illuminate\\Console\\Command->run()
#25 C:\\Users\\Uns\\Desktop\\Testes\\TruckPad\\backend\\vendor\\symfony\\console\\Application.php(272): Symfony\\Component\\Console\\Application->doRunCommand()
#26 C:\\Users\\Uns\\Desktop\\Testes\\TruckPad\\backend\\vendor\\symfony\\console\\Application.php(148): Symfony\\Component\\Console\\Application->doRun()
#27 C:\\Users\\Uns\\Desktop\\Testes\\TruckPad\\backend\\vendor\\illuminate\\console\\Application.php(93): Symfony\\Component\\Console\\Application->run()
#28 C:\\Users\\Uns\\Desktop\\Testes\\TruckPad\\backend\\vendor\\laravel\\lumen-framework\\src\\Console\\Kernel.php(115): Illuminate\\Console\\Application->run()
#29 C:\\Users\\Uns\\Desktop\\Testes\\TruckPad\\backend\\artisan(35): Laravel\\Lumen\\Console\\Kernel->handle()
#30 {main}
"} 
[2020-03-03 21:38:31] local.ERROR: PDOException: SQLSTATE[42S01]: Base table or view already exists: 1050 Table 'tracks' already exists in C:\Users\Uns\Desktop\Testes\TruckPad\backend\vendor\illuminate\database\Connection.php:463
Stack trace:
#0 C:\Users\Uns\Desktop\Testes\TruckPad\backend\vendor\illuminate\database\Connection.php(463): PDOStatement->execute()
#1 C:\Users\Uns\Desktop\Testes\TruckPad\backend\vendor\illuminate\database\Connection.php(662): Illuminate\Database\Connection->Illuminate\Database\{closure}()
#2 C:\Users\Uns\Desktop\Testes\TruckPad\backend\vendor\illuminate\database\Connection.php(629): Illuminate\Database\Connection->runQueryCallback()
#3 C:\Users\Uns\Desktop\Testes\TruckPad\backend\vendor\illuminate\database\Connection.php(464): Illuminate\Database\Connection->run()
#4 C:\Users\Uns\Desktop\Testes\TruckPad\backend\vendor\illuminate\database\Schema\Blueprint.php(97): Illuminate\Database\Connection->statement()
#5 C:\Users\Uns\Desktop\Testes\TruckPad\backend\vendor\illuminate\database\Schema\Builder.php(290): Illuminate\Database\Schema\Blueprint->build()
#6 C:\Users\Uns\Desktop\Testes\TruckPad\backend\vendor\illuminate\database\Schema\Builder.php(167): Illuminate\Database\Schema\Builder->build()
#7 C:\Users\Uns\Desktop\Testes\TruckPad\backend\vendor\illuminate\support\Facades\Facade.php(261): Illuminate\Database\Schema\Builder->create()
#8 C:\Users\Uns\Desktop\Testes\TruckPad\backend\database\migrations\2020_03_03_200028_create_table_tracks.php(25): Illuminate\Support\Facades\Facade::__callStatic()
#9 C:\Users\Uns\Desktop\Testes\TruckPad\backend\vendor\illuminate\database\Migrations\Migrator.php(392): CreateTableTracks->up()
#10 C:\Users\Uns\Desktop\Testes\TruckPad\backend\vendor\illuminate\database\Migrations\Migrator.php(401): Illuminate\Database\Migrations\Migrator->Illuminate\Database\Migrations\{closure}()
#11 C:\Users\Uns\Desktop\Testes\TruckPad\backend\vendor\illuminate\database\Migrations\Migrator.php(200): Illuminate\Database\Migrations\Migrator->runMigration()
#12 C:\Users\Uns\Desktop\Testes\TruckPad\backend\vendor\illuminate\database\Migrations\Migrator.php(165): Illuminate\Database\Migrations\Migrator->runUp()
#13 C:\Users\Uns\Desktop\Testes\TruckPad\backend\vendor\illuminate\database\Migrations\Migrator.php(110): Illuminate\Database\Migrations\Migrator->runPending()
#14 C:\Users\Uns\Desktop\Testes\TruckPad\backend\vendor\illuminate\database\Console\Migrations\MigrateCommand.php(71): Illuminate\Database\Migrations\Migrator->run()
#15 [internal function]: Illuminate\Database\Console\Migrations\MigrateCommand->handle()
#16 C:\Users\Uns\Desktop\Testes\TruckPad\backend\vendor\illuminate\container\BoundMethod.php(32): call_user_func_array()
#17 C:\Users\Uns\Desktop\Testes\TruckPad\backend\vendor\illuminate\container\Util.php(36): Illuminate\Container\BoundMethod::Illuminate\Container\{closure}()
#18 C:\Users\Uns\Desktop\Testes\TruckPad\backend\vendor\illuminate\container\BoundMethod.php(90): Illuminate\Container\Util::unwrapIfClosure()
#19 C:\Users\Uns\Desktop\Testes\TruckPad\backend\vendor\illuminate\container\BoundMethod.php(34): Illuminate\Container\BoundMethod::callBoundMethod()
#20 C:\Users\Uns\Desktop\Testes\TruckPad\backend\vendor\illuminate\container\Container.php(590): Illuminate\Container\BoundMethod::call()
#21 C:\Users\Uns\Desktop\Testes\TruckPad\backend\vendor\illuminate\console\Command.php(134): Illuminate\Container\Container->call()
#22 C:\Users\Uns\Desktop\Testes\TruckPad\backend\vendor\symfony\console\Command\Command.php(255): Illuminate\Console\Command->execute()
#23 C:\Users\Uns\Desktop\Testes\TruckPad\backend\vendor\illuminate\console\Command.php(121): Symfony\Component\Console\Command\Command->run()
#24 C:\Users\Uns\Desktop\Testes\TruckPad\backend\vendor\symfony\console\Application.php(1012): Illuminate\Console\Command->run()
#25 C:\Users\Uns\Desktop\Testes\TruckPad\backend\vendor\symfony\console\Application.php(272): Symfony\Component\Console\Application->doRunCommand()
#26 C:\Users\Uns\Desktop\Testes\TruckPad\backend\vendor\symfony\console\Application.php(148): Symfony\Component\Console\Application->doRun()
#27 C:\Users\Uns\Desktop\Testes\TruckPad\backend\vendor\illuminate\console\Application.php(93): Symfony\Component\Console\Application->run()
#28 C:\Users\Uns\Desktop\Testes\TruckPad\backend\vendor\laravel\lumen-framework\src\Console\Kernel.php(115): Illuminate\Console\Application->run()
#29 C:\Users\Uns\Desktop\Testes\TruckPad\backend\artisan(35): Laravel\Lumen\Console\Kernel->handle()
#30 {main}

Next Illuminate\Database\QueryException: SQLSTATE[42S01]: Base table or view already exists: 1050 Table 'tracks' already exists (SQL: create table `tracks` (`id` bigint unsigned not null auto_increment primary key, `name` varchar(100) not null, `has_truckload` tinyint unsigned not null comment '1= Yes, 0= No', `truck_drivers_id` bigint unsigned null comment 'Definition in truck_drivers table', `vehicles_type_id` bigint unsigned null comment 'Definition in vehicles_types table', `created_at` timestamp null, `updated_at` timestamp null) default character set utf8mb4 collate 'utf8mb4_unicode_ci') in C:\Users\Uns\Desktop\Testes\TruckPad\backend\vendor\illuminate\database\Connection.php:669
Stack trace:
#0 C:\Users\Uns\Desktop\Testes\TruckPad\backend\vendor\illuminate\database\Connection.php(629): Illuminate\Database\Connection->runQueryCallback()
#1 C:\Users\Uns\Desktop\Testes\TruckPad\backend\vendor\illuminate\database\Connection.php(464): Illuminate\Database\Connection->run()
#2 C:\Users\Uns\Desktop\Testes\TruckPad\backend\vendor\illuminate\database\Schema\Blueprint.php(97): Illuminate\Database\Connection->statement()
#3 C:\Users\Uns\Desktop\Testes\TruckPad\backend\vendor\illuminate\database\Schema\Builder.php(290): Illuminate\Database\Schema\Blueprint->build()
#4 C:\Users\Uns\Desktop\Testes\TruckPad\backend\vendor\illuminate\database\Schema\Builder.php(167): Illuminate\Database\Schema\Builder->build()
#5 C:\Users\Uns\Desktop\Testes\TruckPad\backend\vendor\illuminate\support\Facades\Facade.php(261): Illuminate\Database\Schema\Builder->create()
#6 C:\Users\Uns\Desktop\Testes\TruckPad\backend\database\migrations\2020_03_03_200028_create_table_tracks.php(25): Illuminate\Support\Facades\Facade::__callStatic()
#7 C:\Users\Uns\Desktop\Testes\TruckPad\backend\vendor\illuminate\database\Migrations\Migrator.php(392): CreateTableTracks->up()
#8 C:\Users\Uns\Desktop\Testes\TruckPad\backend\vendor\illuminate\database\Migrations\Migrator.php(401): Illuminate\Database\Migrations\Migrator->Illuminate\Database\Migrations\{closure}()
#9 C:\Users\Uns\Desktop\Testes\TruckPad\backend\vendor\illuminate\database\Migrations\Migrator.php(200): Illuminate\Database\Migrations\Migrator->runMigration()
#10 C:\Users\Uns\Desktop\Testes\TruckPad\backend\vendor\illuminate\database\Migrations\Migrator.php(165): Illuminate\Database\Migrations\Migrator->runUp()
#11 C:\Users\Uns\Desktop\Testes\TruckPad\backend\vendor\illuminate\database\Migrations\Migrator.php(110): Illuminate\Database\Migrations\Migrator->runPending()
#12 C:\Users\Uns\Desktop\Testes\TruckPad\backend\vendor\illuminate\database\Console\Migrations\MigrateCommand.php(71): Illuminate\Database\Migrations\Migrator->run()
#13 [internal function]: Illuminate\Database\Console\Migrations\MigrateCommand->handle()
#14 C:\Users\Uns\Desktop\Testes\TruckPad\backend\vendor\illuminate\container\BoundMethod.php(32): call_user_func_array()
#15 C:\Users\Uns\Desktop\Testes\TruckPad\backend\vendor\illuminate\container\Util.php(36): Illuminate\Container\BoundMethod::Illuminate\Container\{closure}()
#16 C:\Users\Uns\Desktop\Testes\TruckPad\backend\vendor\illuminate\container\BoundMethod.php(90): Illuminate\Container\Util::unwrapIfClosure()
#17 C:\Users\Uns\Desktop\Testes\TruckPad\backend\vendor\illuminate\container\BoundMethod.php(34): Illuminate\Container\BoundMethod::callBoundMethod()
#18 C:\Users\Uns\Desktop\Testes\TruckPad\backend\vendor\illuminate\container\Container.php(590): Illuminate\Container\BoundMethod::call()
#19 C:\Users\Uns\Desktop\Testes\TruckPad\backend\vendor\illuminate\console\Command.php(134): Illuminate\Container\Container->call()
#20 C:\Users\Uns\Desktop\Testes\TruckPad\backend\vendor\symfony\console\Command\Command.php(255): Illuminate\Console\Command->execute()
#21 C:\Users\Uns\Desktop\Testes\TruckPad\backend\vendor\illuminate\console\Command.php(121): Symfony\Component\Console\Command\Command->run()
#22 C:\Users\Uns\Desktop\Testes\TruckPad\backend\vendor\symfony\console\Application.php(1012): Illuminate\Console\Command->run()
#23 C:\Users\Uns\Desktop\Testes\TruckPad\backend\vendor\symfony\console\Application.php(272): Symfony\Component\Console\Application->doRunCommand()
#24 C:\Users\Uns\Desktop\Testes\TruckPad\backend\vendor\symfony\console\Application.php(148): Symfony\Component\Console\Application->doRun()
#25 C:\Users\Uns\Desktop\Testes\TruckPad\backend\vendor\illuminate\console\Application.php(93): Symfony\Component\Console\Application->run()
#26 C:\Users\Uns\Desktop\Testes\TruckPad\backend\vendor\laravel\lumen-framework\src\Console\Kernel.php(115): Illuminate\Console\Application->run()
#27 C:\Users\Uns\Desktop\Testes\TruckPad\backend\artisan(35): Laravel\Lumen\Console\Kernel->handle()
#28 {main} {"exception":"[object] (Illuminate\\Database\\QueryException(code: 42S01): SQLSTATE[42S01]: Base table or view already exists: 1050 Table 'tracks' already exists (SQL: create table `tracks` (`id` bigint unsigned not null auto_increment primary key, `name` varchar(100) not null, `has_truckload` tinyint unsigned not null comment '1= Yes, 0= No', `truck_drivers_id` bigint unsigned null comment 'Definition in truck_drivers table', `vehicles_type_id` bigint unsigned null comment 'Definition in vehicles_types table', `created_at` timestamp null, `updated_at` timestamp null) default character set utf8mb4 collate 'utf8mb4_unicode_ci') at C:\\Users\\Uns\\Desktop\\Testes\\TruckPad\\backend\\vendor\\illuminate\\database\\Connection.php:669)
[stacktrace]
#0 C:\\Users\\Uns\\Desktop\\Testes\\TruckPad\\backend\\vendor\\illuminate\\database\\Connection.php(629): Illuminate\\Database\\Connection->runQueryCallback()
#1 C:\\Users\\Uns\\Desktop\\Testes\\TruckPad\\backend\\vendor\\illuminate\\database\\Connection.php(464): Illuminate\\Database\\Connection->run()
#2 C:\\Users\\Uns\\Desktop\\Testes\\TruckPad\\backend\\vendor\\illuminate\\database\\Schema\\Blueprint.php(97): Illuminate\\Database\\Connection->statement()
#3 C:\\Users\\Uns\\Desktop\\Testes\\TruckPad\\backend\\vendor\\illuminate\\database\\Schema\\Builder.php(290): Illuminate\\Database\\Schema\\Blueprint->build()
#4 C:\\Users\\Uns\\Desktop\\Testes\\TruckPad\\backend\\vendor\\illuminate\\database\\Schema\\Builder.php(167): Illuminate\\Database\\Schema\\Builder->build()
#5 C:\\Users\\Uns\\Desktop\\Testes\\TruckPad\\backend\\vendor\\illuminate\\support\\Facades\\Facade.php(261): Illuminate\\Database\\Schema\\Builder->create()
#6 C:\\Users\\Uns\\Desktop\\Testes\\TruckPad\\backend\\database\\migrations\\2020_03_03_200028_create_table_tracks.php(25): Illuminate\\Support\\Facades\\Facade::__callStatic()
#7 C:\\Users\\Uns\\Desktop\\Testes\\TruckPad\\backend\\vendor\\illuminate\\database\\Migrations\\Migrator.php(392): CreateTableTracks->up()
#8 C:\\Users\\Uns\\Desktop\\Testes\\TruckPad\\backend\\vendor\\illuminate\\database\\Migrations\\Migrator.php(401): Illuminate\\Database\\Migrations\\Migrator->Illuminate\\Database\\Migrations\\{closure}()
#9 C:\\Users\\Uns\\Desktop\\Testes\\TruckPad\\backend\\vendor\\illuminate\\database\\Migrations\\Migrator.php(200): Illuminate\\Database\\Migrations\\Migrator->runMigration()
#10 C:\\Users\\Uns\\Desktop\\Testes\\TruckPad\\backend\\vendor\\illuminate\\database\\Migrations\\Migrator.php(165): Illuminate\\Database\\Migrations\\Migrator->runUp()
#11 C:\\Users\\Uns\\Desktop\\Testes\\TruckPad\\backend\\vendor\\illuminate\\database\\Migrations\\Migrator.php(110): Illuminate\\Database\\Migrations\\Migrator->runPending()
#12 C:\\Users\\Uns\\Desktop\\Testes\\TruckPad\\backend\\vendor\\illuminate\\database\\Console\\Migrations\\MigrateCommand.php(71): Illuminate\\Database\\Migrations\\Migrator->run()
#13 [internal function]: Illuminate\\Database\\Console\\Migrations\\MigrateCommand->handle()
#14 C:\\Users\\Uns\\Desktop\\Testes\\TruckPad\\backend\\vendor\\illuminate\\container\\BoundMethod.php(32): call_user_func_array()
#15 C:\\Users\\Uns\\Desktop\\Testes\\TruckPad\\backend\\vendor\\illuminate\\container\\Util.php(36): Illuminate\\Container\\BoundMethod::Illuminate\\Container\\{closure}()
#16 C:\\Users\\Uns\\Desktop\\Testes\\TruckPad\\backend\\vendor\\illuminate\\container\\BoundMethod.php(90): Illuminate\\Container\\Util::unwrapIfClosure()
#17 C:\\Users\\Uns\\Desktop\\Testes\\TruckPad\\backend\\vendor\\illuminate\\container\\BoundMethod.php(34): Illuminate\\Container\\BoundMethod::callBoundMethod()
#18 C:\\Users\\Uns\\Desktop\\Testes\\TruckPad\\backend\\vendor\\illuminate\\container\\Container.php(590): Illuminate\\Container\\BoundMethod::call()
#19 C:\\Users\\Uns\\Desktop\\Testes\\TruckPad\\backend\\vendor\\illuminate\\console\\Command.php(134): Illuminate\\Container\\Container->call()
#20 C:\\Users\\Uns\\Desktop\\Testes\\TruckPad\\backend\\vendor\\symfony\\console\\Command\\Command.php(255): Illuminate\\Console\\Command->execute()
#21 C:\\Users\\Uns\\Desktop\\Testes\\TruckPad\\backend\\vendor\\illuminate\\console\\Command.php(121): Symfony\\Component\\Console\\Command\\Command->run()
#22 C:\\Users\\Uns\\Desktop\\Testes\\TruckPad\\backend\\vendor\\symfony\\console\\Application.php(1012): Illuminate\\Console\\Command->run()
#23 C:\\Users\\Uns\\Desktop\\Testes\\TruckPad\\backend\\vendor\\symfony\\console\\Application.php(272): Symfony\\Component\\Console\\Application->doRunCommand()
#24 C:\\Users\\Uns\\Desktop\\Testes\\TruckPad\\backend\\vendor\\symfony\\console\\Application.php(148): Symfony\\Component\\Console\\Application->doRun()
#25 C:\\Users\\Uns\\Desktop\\Testes\\TruckPad\\backend\\vendor\\illuminate\\console\\Application.php(93): Symfony\\Component\\Console\\Application->run()
#26 C:\\Users\\Uns\\Desktop\\Testes\\TruckPad\\backend\\vendor\\laravel\\lumen-framework\\src\\Console\\Kernel.php(115): Illuminate\\Console\\Application->run()
#27 C:\\Users\\Uns\\Desktop\\Testes\\TruckPad\\backend\\artisan(35): Laravel\\Lumen\\Console\\Kernel->handle()
#28 {main}

[previous exception] [object] (PDOException(code: 42S01): SQLSTATE[42S01]: Base table or view already exists: 1050 Table 'tracks' already exists at C:\\Users\\Uns\\Desktop\\Testes\\TruckPad\\backend\\vendor\\illuminate\\database\\Connection.php:463)
[stacktrace]
#0 C:\\Users\\Uns\\Desktop\\Testes\\TruckPad\\backend\\vendor\\illuminate\\database\\Connection.php(463): PDOStatement->execute()
#1 C:\\Users\\Uns\\Desktop\\Testes\\TruckPad\\backend\\vendor\\illuminate\\database\\Connection.php(662): Illuminate\\Database\\Connection->Illuminate\\Database\\{closure}()
#2 C:\\Users\\Uns\\Desktop\\Testes\\TruckPad\\backend\\vendor\\illuminate\\database\\Connection.php(629): Illuminate\\Database\\Connection->runQueryCallback()
#3 C:\\Users\\Uns\\Desktop\\Testes\\TruckPad\\backend\\vendor\\illuminate\\database\\Connection.php(464): Illuminate\\Database\\Connection->run()
#4 C:\\Users\\Uns\\Desktop\\Testes\\TruckPad\\backend\\vendor\\illuminate\\database\\Schema\\Blueprint.php(97): Illuminate\\Database\\Connection->statement()
#5 C:\\Users\\Uns\\Desktop\\Testes\\TruckPad\\backend\\vendor\\illuminate\\database\\Schema\\Builder.php(290): Illuminate\\Database\\Schema\\Blueprint->build()
#6 C:\\Users\\Uns\\Desktop\\Testes\\TruckPad\\backend\\vendor\\illuminate\\database\\Schema\\Builder.php(167): Illuminate\\Database\\Schema\\Builder->build()
#7 C:\\Users\\Uns\\Desktop\\Testes\\TruckPad\\backend\\vendor\\illuminate\\support\\Facades\\Facade.php(261): Illuminate\\Database\\Schema\\Builder->create()
#8 C:\\Users\\Uns\\Desktop\\Testes\\TruckPad\\backend\\database\\migrations\\2020_03_03_200028_create_table_tracks.php(25): Illuminate\\Support\\Facades\\Facade::__callStatic()
#9 C:\\Users\\Uns\\Desktop\\Testes\\TruckPad\\backend\\vendor\\illuminate\\database\\Migrations\\Migrator.php(392): CreateTableTracks->up()
#10 C:\\Users\\Uns\\Desktop\\Testes\\TruckPad\\backend\\vendor\\illuminate\\database\\Migrations\\Migrator.php(401): Illuminate\\Database\\Migrations\\Migrator->Illuminate\\Database\\Migrations\\{closure}()
#11 C:\\Users\\Uns\\Desktop\\Testes\\TruckPad\\backend\\vendor\\illuminate\\database\\Migrations\\Migrator.php(200): Illuminate\\Database\\Migrations\\Migrator->runMigration()
#12 C:\\Users\\Uns\\Desktop\\Testes\\TruckPad\\backend\\vendor\\illuminate\\database\\Migrations\\Migrator.php(165): Illuminate\\Database\\Migrations\\Migrator->runUp()
#13 C:\\Users\\Uns\\Desktop\\Testes\\TruckPad\\backend\\vendor\\illuminate\\database\\Migrations\\Migrator.php(110): Illuminate\\Database\\Migrations\\Migrator->runPending()
#14 C:\\Users\\Uns\\Desktop\\Testes\\TruckPad\\backend\\vendor\\illuminate\\database\\Console\\Migrations\\MigrateCommand.php(71): Illuminate\\Database\\Migrations\\Migrator->run()
#15 [internal function]: Illuminate\\Database\\Console\\Migrations\\MigrateCommand->handle()
#16 C:\\Users\\Uns\\Desktop\\Testes\\TruckPad\\backend\\vendor\\illuminate\\container\\BoundMethod.php(32): call_user_func_array()
#17 C:\\Users\\Uns\\Desktop\\Testes\\TruckPad\\backend\\vendor\\illuminate\\container\\Util.php(36): Illuminate\\Container\\BoundMethod::Illuminate\\Container\\{closure}()
#18 C:\\Users\\Uns\\Desktop\\Testes\\TruckPad\\backend\\vendor\\illuminate\\container\\BoundMethod.php(90): Illuminate\\Container\\Util::unwrapIfClosure()
#19 C:\\Users\\Uns\\Desktop\\Testes\\TruckPad\\backend\\vendor\\illuminate\\container\\BoundMethod.php(34): Illuminate\\Container\\BoundMethod::callBoundMethod()
#20 C:\\Users\\Uns\\Desktop\\Testes\\TruckPad\\backend\\vendor\\illuminate\\container\\Container.php(590): Illuminate\\Container\\BoundMethod::call()
#21 C:\\Users\\Uns\\Desktop\\Testes\\TruckPad\\backend\\vendor\\illuminate\\console\\Command.php(134): Illuminate\\Container\\Container->call()
#22 C:\\Users\\Uns\\Desktop\\Testes\\TruckPad\\backend\\vendor\\symfony\\console\\Command\\Command.php(255): Illuminate\\Console\\Command->execute()
#23 C:\\Users\\Uns\\Desktop\\Testes\\TruckPad\\backend\\vendor\\illuminate\\console\\Command.php(121): Symfony\\Component\\Console\\Command\\Command->run()
#24 C:\\Users\\Uns\\Desktop\\Testes\\TruckPad\\backend\\vendor\\symfony\\console\\Application.php(1012): Illuminate\\Console\\Command->run()
#25 C:\\Users\\Uns\\Desktop\\Testes\\TruckPad\\backend\\vendor\\symfony\\console\\Application.php(272): Symfony\\Component\\Console\\Application->doRunCommand()
#26 C:\\Users\\Uns\\Desktop\\Testes\\TruckPad\\backend\\vendor\\symfony\\console\\Application.php(148): Symfony\\Component\\Console\\Application->doRun()
#27 C:\\Users\\Uns\\Desktop\\Testes\\TruckPad\\backend\\vendor\\illuminate\\console\\Application.php(93): Symfony\\Component\\Console\\Application->run()
#28 C:\\Users\\Uns\\Desktop\\Testes\\TruckPad\\backend\\vendor\\laravel\\lumen-framework\\src\\Console\\Kernel.php(115): Illuminate\\Console\\Application->run()
#29 C:\\Users\\Uns\\Desktop\\Testes\\TruckPad\\backend\\artisan(35): Laravel\\Lumen\\Console\\Kernel->handle()
#30 {main}
"} 
[2020-03-03 21:39:13] local.ERROR: PDOException: SQLSTATE[HY000]: General error: 1824 Failed to open the referenced table 'truck_drivers' in C:\Users\Uns\Desktop\Testes\TruckPad\backend\vendor\illuminate\database\Connection.php:463
Stack trace:
#0 C:\Users\Uns\Desktop\Testes\TruckPad\backend\vendor\illuminate\database\Connection.php(463): PDOStatement->execute()
#1 C:\Users\Uns\Desktop\Testes\TruckPad\backend\vendor\illuminate\database\Connection.php(662): Illuminate\Database\Connection->Illuminate\Database\{closure}()
#2 C:\Users\Uns\Desktop\Testes\TruckPad\backend\vendor\illuminate\database\Connection.php(629): Illuminate\Database\Connection->runQueryCallback()
#3 C:\Users\Uns\Desktop\Testes\TruckPad\backend\vendor\illuminate\database\Connection.php(464): Illuminate\Database\Connection->run()
#4 C:\Users\Uns\Desktop\Testes\TruckPad\backend\vendor\illuminate\database\Schema\Blueprint.php(97): Illuminate\Database\Connection->statement()
#5 C:\Users\Uns\Desktop\Testes\TruckPad\backend\vendor\illuminate\database\Schema\Builder.php(290): Illuminate\Database\Schema\Blueprint->build()
#6 C:\Users\Uns\Desktop\Testes\TruckPad\backend\vendor\illuminate\database\Schema\Builder.php(167): Illuminate\Database\Schema\Builder->build()
#7 C:\Users\Uns\Desktop\Testes\TruckPad\backend\vendor\illuminate\support\Facades\Facade.php(261): Illuminate\Database\Schema\Builder->create()
#8 C:\Users\Uns\Desktop\Testes\TruckPad\backend\database\migrations\2020_03_03_200028_create_table_tracks.php(25): Illuminate\Support\Facades\Facade::__callStatic()
#9 C:\Users\Uns\Desktop\Testes\TruckPad\backend\vendor\illuminate\database\Migrations\Migrator.php(392): CreateTableTracks->up()
#10 C:\Users\Uns\Desktop\Testes\TruckPad\backend\vendor\illuminate\database\Migrations\Migrator.php(401): Illuminate\Database\Migrations\Migrator->Illuminate\Database\Migrations\{closure}()
#11 C:\Users\Uns\Desktop\Testes\TruckPad\backend\vendor\illuminate\database\Migrations\Migrator.php(200): Illuminate\Database\Migrations\Migrator->runMigration()
#12 C:\Users\Uns\Desktop\Testes\TruckPad\backend\vendor\illuminate\database\Migrations\Migrator.php(165): Illuminate\Database\Migrations\Migrator->runUp()
#13 C:\Users\Uns\Desktop\Testes\TruckPad\backend\vendor\illuminate\database\Migrations\Migrator.php(110): Illuminate\Database\Migrations\Migrator->runPending()
#14 C:\Users\Uns\Desktop\Testes\TruckPad\backend\vendor\illuminate\database\Console\Migrations\MigrateCommand.php(71): Illuminate\Database\Migrations\Migrator->run()
#15 [internal function]: Illuminate\Database\Console\Migrations\MigrateCommand->handle()
#16 C:\Users\Uns\Desktop\Testes\TruckPad\backend\vendor\illuminate\container\BoundMethod.php(32): call_user_func_array()
#17 C:\Users\Uns\Desktop\Testes\TruckPad\backend\vendor\illuminate\container\Util.php(36): Illuminate\Container\BoundMethod::Illuminate\Container\{closure}()
#18 C:\Users\Uns\Desktop\Testes\TruckPad\backend\vendor\illuminate\container\BoundMethod.php(90): Illuminate\Container\Util::unwrapIfClosure()
#19 C:\Users\Uns\Desktop\Testes\TruckPad\backend\vendor\illuminate\container\BoundMethod.php(34): Illuminate\Container\BoundMethod::callBoundMethod()
#20 C:\Users\Uns\Desktop\Testes\TruckPad\backend\vendor\illuminate\container\Container.php(590): Illuminate\Container\BoundMethod::call()
#21 C:\Users\Uns\Desktop\Testes\TruckPad\backend\vendor\illuminate\console\Command.php(134): Illuminate\Container\Container->call()
#22 C:\Users\Uns\Desktop\Testes\TruckPad\backend\vendor\symfony\console\Command\Command.php(255): Illuminate\Console\Command->execute()
#23 C:\Users\Uns\Desktop\Testes\TruckPad\backend\vendor\illuminate\console\Command.php(121): Symfony\Component\Console\Command\Command->run()
#24 C:\Users\Uns\Desktop\Testes\TruckPad\backend\vendor\symfony\console\Application.php(1012): Illuminate\Console\Command->run()
#25 C:\Users\Uns\Desktop\Testes\TruckPad\backend\vendor\symfony\console\Application.php(272): Symfony\Component\Console\Application->doRunCommand()
#26 C:\Users\Uns\Desktop\Testes\TruckPad\backend\vendor\symfony\console\Application.php(148): Symfony\Component\Console\Application->doRun()
#27 C:\Users\Uns\Desktop\Testes\TruckPad\backend\vendor\illuminate\console\Application.php(93): Symfony\Component\Console\Application->run()
#28 C:\Users\Uns\Desktop\Testes\TruckPad\backend\vendor\laravel\lumen-framework\src\Console\Kernel.php(115): Illuminate\Console\Application->run()
#29 C:\Users\Uns\Desktop\Testes\TruckPad\backend\artisan(35): Laravel\Lumen\Console\Kernel->handle()
#30 {main}

Next Illuminate\Database\QueryException: SQLSTATE[HY000]: General error: 1824 Failed to open the referenced table 'truck_drivers' (SQL: alter table `tracks` add constraint `tracks_truck_drivers_id_foreign` foreign key (`truck_drivers_id`) references `truck_drivers` (`id`) on delete set null) in C:\Users\Uns\Desktop\Testes\TruckPad\backend\vendor\illuminate\database\Connection.php:669
Stack trace:
#0 C:\Users\Uns\Desktop\Testes\TruckPad\backend\vendor\illuminate\database\Connection.php(629): Illuminate\Database\Connection->runQueryCallback()
#1 C:\Users\Uns\Desktop\Testes\TruckPad\backend\vendor\illuminate\database\Connection.php(464): Illuminate\Database\Connection->run()
#2 C:\Users\Uns\Desktop\Testes\TruckPad\backend\vendor\illuminate\database\Schema\Blueprint.php(97): Illuminate\Database\Connection->statement()
#3 C:\Users\Uns\Desktop\Testes\TruckPad\backend\vendor\illuminate\database\Schema\Builder.php(290): Illuminate\Database\Schema\Blueprint->build()
#4 C:\Users\Uns\Desktop\Testes\TruckPad\backend\vendor\illuminate\database\Schema\Builder.php(167): Illuminate\Database\Schema\Builder->build()
#5 C:\Users\Uns\Desktop\Testes\TruckPad\backend\vendor\illuminate\support\Facades\Facade.php(261): Illuminate\Database\Schema\Builder->create()
#6 C:\Users\Uns\Desktop\Testes\TruckPad\backend\database\migrations\2020_03_03_200028_create_table_tracks.php(25): Illuminate\Support\Facades\Facade::__callStatic()
#7 C:\Users\Uns\Desktop\Testes\TruckPad\backend\vendor\illuminate\database\Migrations\Migrator.php(392): CreateTableTracks->up()
#8 C:\Users\Uns\Desktop\Testes\TruckPad\backend\vendor\illuminate\database\Migrations\Migrator.php(401): Illuminate\Database\Migrations\Migrator->Illuminate\Database\Migrations\{closure}()
#9 C:\Users\Uns\Desktop\Testes\TruckPad\backend\vendor\illuminate\database\Migrations\Migrator.php(200): Illuminate\Database\Migrations\Migrator->runMigration()
#10 C:\Users\Uns\Desktop\Testes\TruckPad\backend\vendor\illuminate\database\Migrations\Migrator.php(165): Illuminate\Database\Migrations\Migrator->runUp()
#11 C:\Users\Uns\Desktop\Testes\TruckPad\backend\vendor\illuminate\database\Migrations\Migrator.php(110): Illuminate\Database\Migrations\Migrator->runPending()
#12 C:\Users\Uns\Desktop\Testes\TruckPad\backend\vendor\illuminate\database\Console\Migrations\MigrateCommand.php(71): Illuminate\Database\Migrations\Migrator->run()
#13 [internal function]: Illuminate\Database\Console\Migrations\MigrateCommand->handle()
#14 C:\Users\Uns\Desktop\Testes\TruckPad\backend\vendor\illuminate\container\BoundMethod.php(32): call_user_func_array()
#15 C:\Users\Uns\Desktop\Testes\TruckPad\backend\vendor\illuminate\container\Util.php(36): Illuminate\Container\BoundMethod::Illuminate\Container\{closure}()
#16 C:\Users\Uns\Desktop\Testes\TruckPad\backend\vendor\illuminate\container\BoundMethod.php(90): Illuminate\Container\Util::unwrapIfClosure()
#17 C:\Users\Uns\Desktop\Testes\TruckPad\backend\vendor\illuminate\container\BoundMethod.php(34): Illuminate\Container\BoundMethod::callBoundMethod()
#18 C:\Users\Uns\Desktop\Testes\TruckPad\backend\vendor\illuminate\container\Container.php(590): Illuminate\Container\BoundMethod::call()
#19 C:\Users\Uns\Desktop\Testes\TruckPad\backend\vendor\illuminate\console\Command.php(134): Illuminate\Container\Container->call()
#20 C:\Users\Uns\Desktop\Testes\TruckPad\backend\vendor\symfony\console\Command\Command.php(255): Illuminate\Console\Command->execute()
#21 C:\Users\Uns\Desktop\Testes\TruckPad\backend\vendor\illuminate\console\Command.php(121): Symfony\Component\Console\Command\Command->run()
#22 C:\Users\Uns\Desktop\Testes\TruckPad\backend\vendor\symfony\console\Application.php(1012): Illuminate\Console\Command->run()
#23 C:\Users\Uns\Desktop\Testes\TruckPad\backend\vendor\symfony\console\Application.php(272): Symfony\Component\Console\Application->doRunCommand()
#24 C:\Users\Uns\Desktop\Testes\TruckPad\backend\vendor\symfony\console\Application.php(148): Symfony\Component\Console\Application->doRun()
#25 C:\Users\Uns\Desktop\Testes\TruckPad\backend\vendor\illuminate\console\Application.php(93): Symfony\Component\Console\Application->run()
#26 C:\Users\Uns\Desktop\Testes\TruckPad\backend\vendor\laravel\lumen-framework\src\Console\Kernel.php(115): Illuminate\Console\Application->run()
#27 C:\Users\Uns\Desktop\Testes\TruckPad\backend\artisan(35): Laravel\Lumen\Console\Kernel->handle()
#28 {main} {"exception":"[object] (Illuminate\\Database\\QueryException(code: HY000): SQLSTATE[HY000]: General error: 1824 Failed to open the referenced table 'truck_drivers' (SQL: alter table `tracks` add constraint `tracks_truck_drivers_id_foreign` foreign key (`truck_drivers_id`) references `truck_drivers` (`id`) on delete set null) at C:\\Users\\Uns\\Desktop\\Testes\\TruckPad\\backend\\vendor\\illuminate\\database\\Connection.php:669)
[stacktrace]
#0 C:\\Users\\Uns\\Desktop\\Testes\\TruckPad\\backend\\vendor\\illuminate\\database\\Connection.php(629): Illuminate\\Database\\Connection->runQueryCallback()
#1 C:\\Users\\Uns\\Desktop\\Testes\\TruckPad\\backend\\vendor\\illuminate\\database\\Connection.php(464): Illuminate\\Database\\Connection->run()
#2 C:\\Users\\Uns\\Desktop\\Testes\\TruckPad\\backend\\vendor\\illuminate\\database\\Schema\\Blueprint.php(97): Illuminate\\Database\\Connection->statement()
#3 C:\\Users\\Uns\\Desktop\\Testes\\TruckPad\\backend\\vendor\\illuminate\\database\\Schema\\Builder.php(290): Illuminate\\Database\\Schema\\Blueprint->build()
#4 C:\\Users\\Uns\\Desktop\\Testes\\TruckPad\\backend\\vendor\\illuminate\\database\\Schema\\Builder.php(167): Illuminate\\Database\\Schema\\Builder->build()
#5 C:\\Users\\Uns\\Desktop\\Testes\\TruckPad\\backend\\vendor\\illuminate\\support\\Facades\\Facade.php(261): Illuminate\\Database\\Schema\\Builder->create()
#6 C:\\Users\\Uns\\Desktop\\Testes\\TruckPad\\backend\\database\\migrations\\2020_03_03_200028_create_table_tracks.php(25): Illuminate\\Support\\Facades\\Facade::__callStatic()
#7 C:\\Users\\Uns\\Desktop\\Testes\\TruckPad\\backend\\vendor\\illuminate\\database\\Migrations\\Migrator.php(392): CreateTableTracks->up()
#8 C:\\Users\\Uns\\Desktop\\Testes\\TruckPad\\backend\\vendor\\illuminate\\database\\Migrations\\Migrator.php(401): Illuminate\\Database\\Migrations\\Migrator->Illuminate\\Database\\Migrations\\{closure}()
#9 C:\\Users\\Uns\\Desktop\\Testes\\TruckPad\\backend\\vendor\\illuminate\\database\\Migrations\\Migrator.php(200): Illuminate\\Database\\Migrations\\Migrator->runMigration()
#10 C:\\Users\\Uns\\Desktop\\Testes\\TruckPad\\backend\\vendor\\illuminate\\database\\Migrations\\Migrator.php(165): Illuminate\\Database\\Migrations\\Migrator->runUp()
#11 C:\\Users\\Uns\\Desktop\\Testes\\TruckPad\\backend\\vendor\\illuminate\\database\\Migrations\\Migrator.php(110): Illuminate\\Database\\Migrations\\Migrator->runPending()
#12 C:\\Users\\Uns\\Desktop\\Testes\\TruckPad\\backend\\vendor\\illuminate\\database\\Console\\Migrations\\MigrateCommand.php(71): Illuminate\\Database\\Migrations\\Migrator->run()
#13 [internal function]: Illuminate\\Database\\Console\\Migrations\\MigrateCommand->handle()
#14 C:\\Users\\Uns\\Desktop\\Testes\\TruckPad\\backend\\vendor\\illuminate\\container\\BoundMethod.php(32): call_user_func_array()
#15 C:\\Users\\Uns\\Desktop\\Testes\\TruckPad\\backend\\vendor\\illuminate\\container\\Util.php(36): Illuminate\\Container\\BoundMethod::Illuminate\\Container\\{closure}()
#16 C:\\Users\\Uns\\Desktop\\Testes\\TruckPad\\backend\\vendor\\illuminate\\container\\BoundMethod.php(90): Illuminate\\Container\\Util::unwrapIfClosure()
#17 C:\\Users\\Uns\\Desktop\\Testes\\TruckPad\\backend\\vendor\\illuminate\\container\\BoundMethod.php(34): Illuminate\\Container\\BoundMethod::callBoundMethod()
#18 C:\\Users\\Uns\\Desktop\\Testes\\TruckPad\\backend\\vendor\\illuminate\\container\\Container.php(590): Illuminate\\Container\\BoundMethod::call()
#19 C:\\Users\\Uns\\Desktop\\Testes\\TruckPad\\backend\\vendor\\illuminate\\console\\Command.php(134): Illuminate\\Container\\Container->call()
#20 C:\\Users\\Uns\\Desktop\\Testes\\TruckPad\\backend\\vendor\\symfony\\console\\Command\\Command.php(255): Illuminate\\Console\\Command->execute()
#21 C:\\Users\\Uns\\Desktop\\Testes\\TruckPad\\backend\\vendor\\illuminate\\console\\Command.php(121): Symfony\\Component\\Console\\Command\\Command->run()
#22 C:\\Users\\Uns\\Desktop\\Testes\\TruckPad\\backend\\vendor\\symfony\\console\\Application.php(1012): Illuminate\\Console\\Command->run()
#23 C:\\Users\\Uns\\Desktop\\Testes\\TruckPad\\backend\\vendor\\symfony\\console\\Application.php(272): Symfony\\Component\\Console\\Application->doRunCommand()
#24 C:\\Users\\Uns\\Desktop\\Testes\\TruckPad\\backend\\vendor\\symfony\\console\\Application.php(148): Symfony\\Component\\Console\\Application->doRun()
#25 C:\\Users\\Uns\\Desktop\\Testes\\TruckPad\\backend\\vendor\\illuminate\\console\\Application.php(93): Symfony\\Component\\Console\\Application->run()
#26 C:\\Users\\Uns\\Desktop\\Testes\\TruckPad\\backend\\vendor\\laravel\\lumen-framework\\src\\Console\\Kernel.php(115): Illuminate\\Console\\Application->run()
#27 C:\\Users\\Uns\\Desktop\\Testes\\TruckPad\\backend\\artisan(35): Laravel\\Lumen\\Console\\Kernel->handle()
#28 {main}

[previous exception] [object] (PDOException(code: HY000): SQLSTATE[HY000]: General error: 1824 Failed to open the referenced table 'truck_drivers' at C:\\Users\\Uns\\Desktop\\Testes\\TruckPad\\backend\\vendor\\illuminate\\database\\Connection.php:463)
[stacktrace]
#0 C:\\Users\\Uns\\Desktop\\Testes\\TruckPad\\backend\\vendor\\illuminate\\database\\Connection.php(463): PDOStatement->execute()
#1 C:\\Users\\Uns\\Desktop\\Testes\\TruckPad\\backend\\vendor\\illuminate\\database\\Connection.php(662): Illuminate\\Database\\Connection->Illuminate\\Database\\{closure}()
#2 C:\\Users\\Uns\\Desktop\\Testes\\TruckPad\\backend\\vendor\\illuminate\\database\\Connection.php(629): Illuminate\\Database\\Connection->runQueryCallback()
#3 C:\\Users\\Uns\\Desktop\\Testes\\TruckPad\\backend\\vendor\\illuminate\\database\\Connection.php(464): Illuminate\\Database\\Connection->run()
#4 C:\\Users\\Uns\\Desktop\\Testes\\TruckPad\\backend\\vendor\\illuminate\\database\\Schema\\Blueprint.php(97): Illuminate\\Database\\Connection->statement()
#5 C:\\Users\\Uns\\Desktop\\Testes\\TruckPad\\backend\\vendor\\illuminate\\database\\Schema\\Builder.php(290): Illuminate\\Database\\Schema\\Blueprint->build()
#6 C:\\Users\\Uns\\Desktop\\Testes\\TruckPad\\backend\\vendor\\illuminate\\database\\Schema\\Builder.php(167): Illuminate\\Database\\Schema\\Builder->build()
#7 C:\\Users\\Uns\\Desktop\\Testes\\TruckPad\\backend\\vendor\\illuminate\\support\\Facades\\Facade.php(261): Illuminate\\Database\\Schema\\Builder->create()
#8 C:\\Users\\Uns\\Desktop\\Testes\\TruckPad\\backend\\database\\migrations\\2020_03_03_200028_create_table_tracks.php(25): Illuminate\\Support\\Facades\\Facade::__callStatic()
#9 C:\\Users\\Uns\\Desktop\\Testes\\TruckPad\\backend\\vendor\\illuminate\\database\\Migrations\\Migrator.php(392): CreateTableTracks->up()
#10 C:\\Users\\Uns\\Desktop\\Testes\\TruckPad\\backend\\vendor\\illuminate\\database\\Migrations\\Migrator.php(401): Illuminate\\Database\\Migrations\\Migrator->Illuminate\\Database\\Migrations\\{closure}()
#11 C:\\Users\\Uns\\Desktop\\Testes\\TruckPad\\backend\\vendor\\illuminate\\database\\Migrations\\Migrator.php(200): Illuminate\\Database\\Migrations\\Migrator->runMigration()
#12 C:\\Users\\Uns\\Desktop\\Testes\\TruckPad\\backend\\vendor\\illuminate\\database\\Migrations\\Migrator.php(165): Illuminate\\Database\\Migrations\\Migrator->runUp()
#13 C:\\Users\\Uns\\Desktop\\Testes\\TruckPad\\backend\\vendor\\illuminate\\database\\Migrations\\Migrator.php(110): Illuminate\\Database\\Migrations\\Migrator->runPending()
#14 C:\\Users\\Uns\\Desktop\\Testes\\TruckPad\\backend\\vendor\\illuminate\\database\\Console\\Migrations\\MigrateCommand.php(71): Illuminate\\Database\\Migrations\\Migrator->run()
#15 [internal function]: Illuminate\\Database\\Console\\Migrations\\MigrateCommand->handle()
#16 C:\\Users\\Uns\\Desktop\\Testes\\TruckPad\\backend\\vendor\\illuminate\\container\\BoundMethod.php(32): call_user_func_array()
#17 C:\\Users\\Uns\\Desktop\\Testes\\TruckPad\\backend\\vendor\\illuminate\\container\\Util.php(36): Illuminate\\Container\\BoundMethod::Illuminate\\Container\\{closure}()
#18 C:\\Users\\Uns\\Desktop\\Testes\\TruckPad\\backend\\vendor\\illuminate\\container\\BoundMethod.php(90): Illuminate\\Container\\Util::unwrapIfClosure()
#19 C:\\Users\\Uns\\Desktop\\Testes\\TruckPad\\backend\\vendor\\illuminate\\container\\BoundMethod.php(34): Illuminate\\Container\\BoundMethod::callBoundMethod()
#20 C:\\Users\\Uns\\Desktop\\Testes\\TruckPad\\backend\\vendor\\illuminate\\container\\Container.php(590): Illuminate\\Container\\BoundMethod::call()
#21 C:\\Users\\Uns\\Desktop\\Testes\\TruckPad\\backend\\vendor\\illuminate\\console\\Command.php(134): Illuminate\\Container\\Container->call()
#22 C:\\Users\\Uns\\Desktop\\Testes\\TruckPad\\backend\\vendor\\symfony\\console\\Command\\Command.php(255): Illuminate\\Console\\Command->execute()
#23 C:\\Users\\Uns\\Desktop\\Testes\\TruckPad\\backend\\vendor\\illuminate\\console\\Command.php(121): Symfony\\Component\\Console\\Command\\Command->run()
#24 C:\\Users\\Uns\\Desktop\\Testes\\TruckPad\\backend\\vendor\\symfony\\console\\Application.php(1012): Illuminate\\Console\\Command->run()
#25 C:\\Users\\Uns\\Desktop\\Testes\\TruckPad\\backend\\vendor\\symfony\\console\\Application.php(272): Symfony\\Component\\Console\\Application->doRunCommand()
#26 C:\\Users\\Uns\\Desktop\\Testes\\TruckPad\\backend\\vendor\\symfony\\console\\Application.php(148): Symfony\\Component\\Console\\Application->doRun()
#27 C:\\Users\\Uns\\Desktop\\Testes\\TruckPad\\backend\\vendor\\illuminate\\console\\Application.php(93): Symfony\\Component\\Console\\Application->run()
#28 C:\\Users\\Uns\\Desktop\\Testes\\TruckPad\\backend\\vendor\\laravel\\lumen-framework\\src\\Console\\Kernel.php(115): Illuminate\\Console\\Application->run()
#29 C:\\Users\\Uns\\Desktop\\Testes\\TruckPad\\backend\\artisan(35): Laravel\\Lumen\\Console\\Kernel->handle()
#30 {main}
"} 
